<?xml version="1.0" encoding="UTF-8"?>
<!-- Generated by org.testng.reporters.JUnitXMLReporter -->
<testsuite ignored="3" hostname="Bharath" failures="0" tests="3" name="Test1" time="0.277" errors="0" timestamp="2025-11-25T20:46:43 IST">
  <testcase classname="testng.framework.concepts.AppCommons" name="calculateEMI" time="0.074"/>
  <testcase classname="testng.framework.concepts.AppCommons" name="calculateEMI" time="0.003"/>
  <testcase classname="testng.framework.concepts.AppCommons" name="calculateEMI" time="0.002"/>
  <testcase classname="testng.framework.concepts.AppCommons" name="verifyLoanBalance" time="0.0">
    <ignored/>
  </testcase> <!-- verifyLoanBalance -->
  <testcase classname="testng.framework.concepts.AppCommons" name="verifyAccountBalance" time="0.0">
    <ignored/>
  </testcase> <!-- verifyAccountBalance -->
  <testcase classname="testng.framework.concepts.AppCommons" name="verifyFundTransfer" time="0.0">
    <ignored/>
  </testcase> <!-- verifyFundTransfer -->
</testsuite> <!-- Test1 -->
