<?xml version="1.0" encoding="UTF-8"?>
<!-- Generated by org.testng.reporters.JUnitXMLReporter -->
<testsuite ignored="1" hostname="Bharath" failures="1" tests="9" name="Test" time="0.38" errors="0" timestamp="2025-11-25T21:09:39 IST">
  <testcase classname="testng.framework.concepts.AppCommons" name="verifyAccountBalance" time="0.012"/>
  <testcase classname="testng.framework.concepts.AppCommons" name="verifyAccountBalance" time="0.002"/>
  <testcase classname="testng.framework.concepts.AppCommons" name="verifyAccountBalance" time="0.001"/>
  <testcase classname="testng.framework.concepts.AppCommons" name="verifyFundTransfer" time="0.018">
    <skipped/>
  </testcase> <!-- verifyFundTransfer -->
  <testcase classname="testng.framework.concepts.AppCommons" name="verifyFundTransfer" time="0.006">
    <skipped/>
  </testcase> <!-- verifyFundTransfer -->
  <testcase classname="testng.framework.concepts.AppCommons" name="verifyFundTransfer" time="0.003">
    <failure type="java.lang.AssertionError" message="Intentional Failure to test RetryAnalyzer behavior">
      <![CDATA[java.lang.AssertionError: Intentional Failure to test RetryAnalyzer behavior
at testng.framework.concepts.AppCommons.verifyFundTransfer(AppCommons.java:36)
at java.base/java.util.concurrent.FutureTask.run(FutureTask.java:317)
at java.base/java.util.concurrent.ThreadPoolExecutor.runWorker(ThreadPoolExecutor.java:1144)
at java.base/java.util.concurrent.ThreadPoolExecutor$Worker.run(ThreadPoolExecutor.java:642)
at java.base/java.lang.Thread.run(Thread.java:1583)
... Removed 7 stack frames]]>
    </failure>
  </testcase> <!-- verifyFundTransfer -->
  <testcase classname="testng.framework.concepts.AppCommons" name="calculateEMI" time="0.048"/>
  <testcase classname="testng.framework.concepts.AppCommons" name="calculateEMI" time="0.003"/>
  <testcase classname="testng.framework.concepts.AppCommons" name="calculateEMI" time="0.002"/>
  <testcase classname="testng.framework.concepts.AppCommons" name="verifyLoanBalance" time="0.0">
    <ignored/>
  </testcase> <!-- verifyLoanBalance -->
</testsuite> <!-- Test -->
