<?xml version="1.0" encoding="UTF-8"?>
<!-- Generated by org.testng.reporters.JUnitXMLReporter -->
<testsuite ignored="2" hostname="Bharath" failures="0" tests="2" name="Test" time="0.125" errors="0" timestamp="2025-11-24T21:28:01 IST">
  <testcase classname="testng.framework.concepts.AppCommons" name="@BeforeMethod login" time="0.007">
    <failure type="java.lang.AssertionError" message="Intentional Failure to test dependsOnMethods behavior">
      <![CDATA[java.lang.AssertionError: Intentional Failure to test dependsOnMethods behavior
at testng.framework.concepts.AppCommons.login(AppCommons.java:14)
at java.base/java.util.ArrayList.forEach(ArrayList.java:1596)
... Removed 30 stack frames]]>
    </failure>
  </testcase> <!-- @BeforeMethod login -->
  <testcase classname="testng.framework.concepts.AppCommons" name="@BeforeMethod login" time="0.001">
    <failure type="java.lang.AssertionError" message="Intentional Failure to test dependsOnMethods behavior">
      <![CDATA[java.lang.AssertionError: Intentional Failure to test dependsOnMethods behavior
at testng.framework.concepts.AppCommons.login(AppCommons.java:14)
at java.base/java.util.ArrayList.forEach(ArrayList.java:1596)
... Removed 30 stack frames]]>
    </failure>
  </testcase> <!-- @BeforeMethod login -->
  <testcase classname="testng.framework.concepts.AppCommons" name="verifyLoanBalance" time="0.0">
    <skipped/>
  </testcase> <!-- verifyLoanBalance -->
  <testcase classname="testng.framework.concepts.AppCommons" name="verifyFundTransfer" time="0.0">
    <skipped/>
  </testcase> <!-- verifyFundTransfer -->
  <testcase classname="testng.framework.concepts.AppCommons" name="calculateEMI" time="0.0">
    <ignored/>
  </testcase> <!-- calculateEMI -->
  <testcase classname="testng.framework.concepts.AppCommons" name="verifyAccountBalance" time="0.0">
    <ignored/>
  </testcase> <!-- verifyAccountBalance -->
</testsuite> <!-- Test -->
