<?xml version="1.0" encoding="UTF-8"?>
<!-- Generated by org.testng.reporters.JUnitXMLReporter -->
<testsuite ignored="3" hostname="Bharath" failures="0" tests="1" name="Test2" time="5.137" errors="0" timestamp="2025-11-25T20:46:48 IST">
  <testcase classname="testng.framework.concepts.AppCommons" name="verifyFundTransfer" time="5.021"/>
  <testcase classname="testng.framework.concepts.AppCommons" name="calculateEMI" time="0.0">
    <ignored/>
  </testcase> <!-- calculateEMI -->
  <testcase classname="testng.framework.concepts.AppCommons" name="verifyAccountBalance" time="0.0">
    <ignored/>
  </testcase> <!-- verifyAccountBalance -->
  <testcase classname="testng.framework.concepts.AppCommons" name="verifyLoanBalance" time="0.0">
    <ignored/>
  </testcase> <!-- verifyLoanBalance -->
</testsuite> <!-- Test2 -->
