<?xml version="1.0" encoding="UTF-8"?>
<testng-results retried="2" ignored="1" total="10" passed="6" failed="1" skipped="0">
  <reporter-output>
  </reporter-output>
  <suite started-at="2025-11-25T21:09:38 IST" name="Suite" finished-at="2025-11-25T21:09:39 IST" duration-ms="380">
    <groups>
      <group name="Sanity">
        <method signature="AppCommons.verifyFundTransfer()[pri:2, instance:testng.framework.concepts.AppCommons@4b2bac3f]" name="verifyFundTransfer" class="testng.framework.concepts.AppCommons"/>
      </group> <!-- Sanity -->
      <group name="Regression">
        <method signature="AppCommons.verifyAccountBalance()[pri:-1, instance:testng.framework.concepts.AppCommons@4b2bac3f]" name="verifyAccountBalance" class="testng.framework.concepts.AppCommons"/>
        <method signature="AppCommons.verifyFundTransfer()[pri:2, instance:testng.framework.concepts.AppCommons@4b2bac3f]" name="verifyFundTransfer" class="testng.framework.concepts.AppCommons"/>
        <method signature="AppCommons.calculateEMI(double,double,double)[pri:3, instance:testng.framework.concepts.AppCommons@4b2bac3f]" name="calculateEMI" class="testng.framework.concepts.AppCommons"/>
      </group> <!-- Regression -->
      <group name="Smoke">
        <method signature="AppCommons.calculateEMI(double,double,double)[pri:3, instance:testng.framework.concepts.AppCommons@4b2bac3f]" name="calculateEMI" class="testng.framework.concepts.AppCommons"/>
      </group> <!-- Smoke -->
    </groups>
    <test started-at="2025-11-25T21:09:38 IST" name="Test" finished-at="2025-11-25T21:09:39 IST" duration-ms="380">
      <class name="testng.framework.concepts.AppCommons">
        <test-method is-config="true" signature="startReporting()[pri:0, instance:testng.framework.concepts.AppCommons@4b2bac3f]" started-at="2025-11-25T21:09:38 IST" name="startReporting" finished-at="2025-11-25T21:09:38 IST" duration-ms="15" status="PASS">
          <reporter-output>
          </reporter-output>
        </test-method> <!-- startReporting -->
        <test-method is-config="true" signature="launchBrowserAndApplication(java.lang.String,java.lang.String)[pri:0, instance:testng.framework.concepts.AppCommons@4b2bac3f]" started-at="2025-11-25T21:09:38 IST" name="launchBrowserAndApplication" finished-at="2025-11-25T21:09:38 IST" duration-ms="18" status="PASS">
          <params>
            <param index="0">
              <value>
                <![CDATA[Chrome]]>
              </value>
            </param>
            <param index="1">
              <value>
                <![CDATA[www.icici.com]]>
              </value>
            </param>
          </params>
          <reporter-output>
          </reporter-output>
        </test-method> <!-- launchBrowserAndApplication -->
        <test-method is-config="true" signature="login(java.lang.String,java.lang.String)[pri:0, instance:testng.framework.concepts.AppCommons@4b2bac3f]" started-at="2025-11-25T21:09:38 IST" name="login" finished-at="2025-11-25T21:09:38 IST" depends-on-methods="testng.framework.concepts.WebCommons.launchBrowserAndApplication" duration-ms="3" status="PASS">
          <params>
            <param index="0">
              <value>
                <![CDATA[Bharath]]>
              </value>
            </param>
            <param index="1">
              <value>
                <![CDATA[Bharath123]]>
              </value>
            </param>
          </params>
          <reporter-output>
          </reporter-output>
        </test-method> <!-- login -->
        <test-method is-config="true" signature="verifyApplicationHomePage()[pri:0, instance:testng.framework.concepts.AppCommons@4b2bac3f]" started-at="2025-11-25T21:09:38 IST" name="verifyApplicationHomePage" finished-at="2025-11-25T21:09:38 IST" depends-on-methods="testng.framework.concepts.WebCommons.launchBrowserAndApplication, testng.framework.concepts.AppCommons.login" duration-ms="2" status="PASS">
          <reporter-output>
          </reporter-output>
        </test-method> <!-- verifyApplicationHomePage -->
        <test-method signature="verifyAccountBalance()[pri:-1, instance:testng.framework.concepts.AppCommons@4b2bac3f]" started-at="2025-11-25T21:09:38 IST" name="verifyAccountBalance" finished-at="2025-11-25T21:09:38 IST" duration-ms="12" status="PASS">
          <reporter-output>
          </reporter-output>
        </test-method> <!-- verifyAccountBalance -->
        <test-method is-config="true" signature="logoutFromApplication()[pri:0, instance:testng.framework.concepts.AppCommons@4b2bac3f]" started-at="2025-11-25T21:09:38 IST" name="logoutFromApplication" finished-at="2025-11-25T21:09:38 IST" duration-ms="3" status="PASS">
          <reporter-output>
          </reporter-output>
        </test-method> <!-- logoutFromApplication -->
        <test-method is-config="true" signature="closeApplication()[pri:0, instance:testng.framework.concepts.AppCommons@4b2bac3f]" started-at="2025-11-25T21:09:38 IST" name="closeApplication" finished-at="2025-11-25T21:09:38 IST" depends-on-methods="testng.framework.concepts.AppCommons.logoutFromApplication" duration-ms="1" status="PASS">
          <reporter-output>
          </reporter-output>
        </test-method> <!-- closeApplication -->
        <test-method is-config="true" signature="closeBrowser()[pri:0, instance:testng.framework.concepts.AppCommons@4b2bac3f]" started-at="2025-11-25T21:09:38 IST" name="closeBrowser" finished-at="2025-11-25T21:09:38 IST" depends-on-methods="closeApplication" duration-ms="2" status="PASS">
          <reporter-output>
          </reporter-output>
        </test-method> <!-- closeBrowser -->
        <test-method is-config="true" signature="launchBrowserAndApplication(java.lang.String,java.lang.String)[pri:0, instance:testng.framework.concepts.AppCommons@4b2bac3f]" started-at="2025-11-25T21:09:38 IST" name="launchBrowserAndApplication" finished-at="2025-11-25T21:09:38 IST" duration-ms="1" status="PASS">
          <params>
            <param index="0">
              <value>
                <![CDATA[Chrome]]>
              </value>
            </param>
            <param index="1">
              <value>
                <![CDATA[www.icici.com]]>
              </value>
            </param>
          </params>
          <reporter-output>
          </reporter-output>
        </test-method> <!-- launchBrowserAndApplication -->
        <test-method is-config="true" signature="login(java.lang.String,java.lang.String)[pri:0, instance:testng.framework.concepts.AppCommons@4b2bac3f]" started-at="2025-11-25T21:09:38 IST" name="login" finished-at="2025-11-25T21:09:38 IST" depends-on-methods="testng.framework.concepts.WebCommons.launchBrowserAndApplication" duration-ms="1" status="PASS">
          <params>
            <param index="0">
              <value>
                <![CDATA[Bharath]]>
              </value>
            </param>
            <param index="1">
              <value>
                <![CDATA[Bharath123]]>
              </value>
            </param>
          </params>
          <reporter-output>
          </reporter-output>
        </test-method> <!-- login -->
        <test-method is-config="true" signature="verifyApplicationHomePage()[pri:0, instance:testng.framework.concepts.AppCommons@4b2bac3f]" started-at="2025-11-25T21:09:38 IST" name="verifyApplicationHomePage" finished-at="2025-11-25T21:09:38 IST" depends-on-methods="testng.framework.concepts.WebCommons.launchBrowserAndApplication, testng.framework.concepts.AppCommons.login" duration-ms="1" status="PASS">
          <reporter-output>
          </reporter-output>
        </test-method> <!-- verifyApplicationHomePage -->
        <test-method signature="verifyAccountBalance()[pri:-1, instance:testng.framework.concepts.AppCommons@4b2bac3f]" started-at="2025-11-25T21:09:38 IST" name="verifyAccountBalance" finished-at="2025-11-25T21:09:38 IST" duration-ms="2" status="PASS">
          <reporter-output>
          </reporter-output>
        </test-method> <!-- verifyAccountBalance -->
        <test-method is-config="true" signature="logoutFromApplication()[pri:0, instance:testng.framework.concepts.AppCommons@4b2bac3f]" started-at="2025-11-25T21:09:38 IST" name="logoutFromApplication" finished-at="2025-11-25T21:09:38 IST" duration-ms="1" status="PASS">
          <reporter-output>
          </reporter-output>
        </test-method> <!-- logoutFromApplication -->
        <test-method is-config="true" signature="closeApplication()[pri:0, instance:testng.framework.concepts.AppCommons@4b2bac3f]" started-at="2025-11-25T21:09:38 IST" name="closeApplication" finished-at="2025-11-25T21:09:38 IST" depends-on-methods="testng.framework.concepts.AppCommons.logoutFromApplication" duration-ms="1" status="PASS">
          <reporter-output>
          </reporter-output>
        </test-method> <!-- closeApplication -->
        <test-method is-config="true" signature="closeBrowser()[pri:0, instance:testng.framework.concepts.AppCommons@4b2bac3f]" started-at="2025-11-25T21:09:38 IST" name="closeBrowser" finished-at="2025-11-25T21:09:38 IST" depends-on-methods="closeApplication" duration-ms="1" status="PASS">
          <reporter-output>
          </reporter-output>
        </test-method> <!-- closeBrowser -->
        <test-method is-config="true" signature="launchBrowserAndApplication(java.lang.String,java.lang.String)[pri:0, instance:testng.framework.concepts.AppCommons@4b2bac3f]" started-at="2025-11-25T21:09:38 IST" name="launchBrowserAndApplication" finished-at="2025-11-25T21:09:38 IST" duration-ms="0" status="PASS">
          <params>
            <param index="0">
              <value>
                <![CDATA[Chrome]]>
              </value>
            </param>
            <param index="1">
              <value>
                <![CDATA[www.icici.com]]>
              </value>
            </param>
          </params>
          <reporter-output>
          </reporter-output>
        </test-method> <!-- launchBrowserAndApplication -->
        <test-method is-config="true" signature="login(java.lang.String,java.lang.String)[pri:0, instance:testng.framework.concepts.AppCommons@4b2bac3f]" started-at="2025-11-25T21:09:38 IST" name="login" finished-at="2025-11-25T21:09:38 IST" depends-on-methods="testng.framework.concepts.WebCommons.launchBrowserAndApplication" duration-ms="1" status="PASS">
          <params>
            <param index="0">
              <value>
                <![CDATA[Bharath]]>
              </value>
            </param>
            <param index="1">
              <value>
                <![CDATA[Bharath123]]>
              </value>
            </param>
          </params>
          <reporter-output>
          </reporter-output>
        </test-method> <!-- login -->
        <test-method is-config="true" signature="verifyApplicationHomePage()[pri:0, instance:testng.framework.concepts.AppCommons@4b2bac3f]" started-at="2025-11-25T21:09:38 IST" name="verifyApplicationHomePage" finished-at="2025-11-25T21:09:38 IST" depends-on-methods="testng.framework.concepts.WebCommons.launchBrowserAndApplication, testng.framework.concepts.AppCommons.login" duration-ms="1" status="PASS">
          <reporter-output>
          </reporter-output>
        </test-method> <!-- verifyApplicationHomePage -->
        <test-method signature="verifyAccountBalance()[pri:-1, instance:testng.framework.concepts.AppCommons@4b2bac3f]" started-at="2025-11-25T21:09:38 IST" name="verifyAccountBalance" finished-at="2025-11-25T21:09:38 IST" duration-ms="1" status="PASS">
          <reporter-output>
          </reporter-output>
        </test-method> <!-- verifyAccountBalance -->
        <test-method is-config="true" signature="logoutFromApplication()[pri:0, instance:testng.framework.concepts.AppCommons@4b2bac3f]" started-at="2025-11-25T21:09:38 IST" name="logoutFromApplication" finished-at="2025-11-25T21:09:38 IST" duration-ms="1" status="PASS">
          <reporter-output>
          </reporter-output>
        </test-method> <!-- logoutFromApplication -->
        <test-method is-config="true" signature="closeApplication()[pri:0, instance:testng.framework.concepts.AppCommons@4b2bac3f]" started-at="2025-11-25T21:09:38 IST" name="closeApplication" finished-at="2025-11-25T21:09:38 IST" depends-on-methods="testng.framework.concepts.AppCommons.logoutFromApplication" duration-ms="1" status="PASS">
          <reporter-output>
          </reporter-output>
        </test-method> <!-- closeApplication -->
        <test-method is-config="true" signature="closeBrowser()[pri:0, instance:testng.framework.concepts.AppCommons@4b2bac3f]" started-at="2025-11-25T21:09:38 IST" name="closeBrowser" finished-at="2025-11-25T21:09:38 IST" depends-on-methods="closeApplication" duration-ms="0" status="PASS">
          <reporter-output>
          </reporter-output>
        </test-method> <!-- closeBrowser -->
        <test-method is-config="true" signature="launchBrowserAndApplication(java.lang.String,java.lang.String)[pri:0, instance:testng.framework.concepts.AppCommons@4b2bac3f]" started-at="2025-11-25T21:09:39 IST" name="launchBrowserAndApplication" finished-at="2025-11-25T21:09:39 IST" duration-ms="1" status="PASS">
          <params>
            <param index="0">
              <value>
                <![CDATA[Chrome]]>
              </value>
            </param>
            <param index="1">
              <value>
                <![CDATA[www.icici.com]]>
              </value>
            </param>
          </params>
          <reporter-output>
          </reporter-output>
        </test-method> <!-- launchBrowserAndApplication -->
        <test-method is-config="true" signature="login(java.lang.String,java.lang.String)[pri:0, instance:testng.framework.concepts.AppCommons@4b2bac3f]" started-at="2025-11-25T21:09:39 IST" name="login" finished-at="2025-11-25T21:09:39 IST" depends-on-methods="testng.framework.concepts.WebCommons.launchBrowserAndApplication" duration-ms="2" status="PASS">
          <params>
            <param index="0">
              <value>
                <![CDATA[Bharath]]>
              </value>
            </param>
            <param index="1">
              <value>
                <![CDATA[Bharath123]]>
              </value>
            </param>
          </params>
          <reporter-output>
          </reporter-output>
        </test-method> <!-- login -->
        <test-method retried="true" signature="verifyFundTransfer()[pri:2, instance:testng.framework.concepts.AppCommons@4b2bac3f]" started-at="2025-11-25T21:09:39 IST" name="verifyFundTransfer" finished-at="2025-11-25T21:09:39 IST" duration-ms="18" status="SKIP">
          <exception class="java.lang.AssertionError">
            <message>
              <![CDATA[Intentional Failure to test RetryAnalyzer behavior]]>
            </message>
            <full-stacktrace>
              <![CDATA[java.lang.AssertionError: Intentional Failure to test RetryAnalyzer behavior
at org.testng.Assert.fail(Assert.java:111)
at testng.framework.concepts.AppCommons.verifyFundTransfer(AppCommons.java:36)
at java.base/jdk.internal.reflect.DirectMethodHandleAccessor.invoke(DirectMethodHandleAccessor.java:103)
at java.base/java.lang.reflect.Method.invoke(Method.java:580)
at org.testng.internal.invokers.MethodInvocationHelper.invokeMethod(MethodInvocationHelper.java:141)
at org.testng.internal.invokers.InvokeMethodRunnable.runOne(InvokeMethodRunnable.java:47)
at org.testng.internal.invokers.InvokeMethodRunnable.call(InvokeMethodRunnable.java:76)
at org.testng.internal.invokers.InvokeMethodRunnable.call(InvokeMethodRunnable.java:11)
at java.base/java.util.concurrent.FutureTask.run(FutureTask.java:317)
at java.base/java.util.concurrent.ThreadPoolExecutor.runWorker(ThreadPoolExecutor.java:1144)
at java.base/java.util.concurrent.ThreadPoolExecutor$Worker.run(ThreadPoolExecutor.java:642)
at java.base/java.lang.Thread.run(Thread.java:1583)
]]>
            </full-stacktrace>
          </exception> <!-- java.lang.AssertionError -->
          <reporter-output>
          </reporter-output>
        </test-method> <!-- verifyFundTransfer -->
        <test-method is-config="true" signature="verifyApplicationHomePage()[pri:0, instance:testng.framework.concepts.AppCommons@4b2bac3f]" started-at="2025-11-25T21:09:39 IST" name="verifyApplicationHomePage" finished-at="2025-11-25T21:09:39 IST" depends-on-methods="testng.framework.concepts.WebCommons.launchBrowserAndApplication, testng.framework.concepts.AppCommons.login" duration-ms="0" status="PASS">
          <reporter-output>
          </reporter-output>
        </test-method> <!-- verifyApplicationHomePage -->
        <test-method is-config="true" signature="logoutFromApplication()[pri:0, instance:testng.framework.concepts.AppCommons@4b2bac3f]" started-at="2025-11-25T21:09:39 IST" name="logoutFromApplication" finished-at="2025-11-25T21:09:39 IST" duration-ms="1" status="PASS">
          <reporter-output>
          </reporter-output>
        </test-method> <!-- logoutFromApplication -->
        <test-method is-config="true" signature="closeApplication()[pri:0, instance:testng.framework.concepts.AppCommons@4b2bac3f]" started-at="2025-11-25T21:09:39 IST" name="closeApplication" finished-at="2025-11-25T21:09:39 IST" depends-on-methods="testng.framework.concepts.AppCommons.logoutFromApplication" duration-ms="1" status="PASS">
          <reporter-output>
          </reporter-output>
        </test-method> <!-- closeApplication -->
        <test-method is-config="true" signature="closeBrowser()[pri:0, instance:testng.framework.concepts.AppCommons@4b2bac3f]" started-at="2025-11-25T21:09:39 IST" name="closeBrowser" finished-at="2025-11-25T21:09:39 IST" depends-on-methods="closeApplication" duration-ms="0" status="PASS">
          <reporter-output>
          </reporter-output>
        </test-method> <!-- closeBrowser -->
        <test-method is-config="true" signature="launchBrowserAndApplication(java.lang.String,java.lang.String)[pri:0, instance:testng.framework.concepts.AppCommons@4b2bac3f]" started-at="2025-11-25T21:09:39 IST" name="launchBrowserAndApplication" finished-at="2025-11-25T21:09:39 IST" duration-ms="1" status="PASS">
          <params>
            <param index="0">
              <value>
                <![CDATA[Chrome]]>
              </value>
            </param>
            <param index="1">
              <value>
                <![CDATA[www.icici.com]]>
              </value>
            </param>
          </params>
          <reporter-output>
          </reporter-output>
        </test-method> <!-- launchBrowserAndApplication -->
        <test-method is-config="true" signature="login(java.lang.String,java.lang.String)[pri:0, instance:testng.framework.concepts.AppCommons@4b2bac3f]" started-at="2025-11-25T21:09:39 IST" name="login" finished-at="2025-11-25T21:09:39 IST" depends-on-methods="testng.framework.concepts.WebCommons.launchBrowserAndApplication" duration-ms="2" status="PASS">
          <params>
            <param index="0">
              <value>
                <![CDATA[Bharath]]>
              </value>
            </param>
            <param index="1">
              <value>
                <![CDATA[Bharath123]]>
              </value>
            </param>
          </params>
          <reporter-output>
          </reporter-output>
        </test-method> <!-- login -->
        <test-method is-config="true" signature="verifyApplicationHomePage()[pri:0, instance:testng.framework.concepts.AppCommons@4b2bac3f]" started-at="2025-11-25T21:09:39 IST" name="verifyApplicationHomePage" finished-at="2025-11-25T21:09:39 IST" depends-on-methods="testng.framework.concepts.WebCommons.launchBrowserAndApplication, testng.framework.concepts.AppCommons.login" duration-ms="1" status="PASS">
          <reporter-output>
          </reporter-output>
        </test-method> <!-- verifyApplicationHomePage -->
        <test-method retried="true" signature="verifyFundTransfer()[pri:2, instance:testng.framework.concepts.AppCommons@4b2bac3f]" started-at="2025-11-25T21:09:39 IST" name="verifyFundTransfer" finished-at="2025-11-25T21:09:39 IST" duration-ms="6" status="SKIP">
          <exception class="java.lang.AssertionError">
            <message>
              <![CDATA[Intentional Failure to test RetryAnalyzer behavior]]>
            </message>
            <full-stacktrace>
              <![CDATA[java.lang.AssertionError: Intentional Failure to test RetryAnalyzer behavior
at org.testng.Assert.fail(Assert.java:111)
at testng.framework.concepts.AppCommons.verifyFundTransfer(AppCommons.java:36)
at java.base/jdk.internal.reflect.DirectMethodHandleAccessor.invoke(DirectMethodHandleAccessor.java:103)
at java.base/java.lang.reflect.Method.invoke(Method.java:580)
at org.testng.internal.invokers.MethodInvocationHelper.invokeMethod(MethodInvocationHelper.java:141)
at org.testng.internal.invokers.InvokeMethodRunnable.runOne(InvokeMethodRunnable.java:47)
at org.testng.internal.invokers.InvokeMethodRunnable.call(InvokeMethodRunnable.java:76)
at org.testng.internal.invokers.InvokeMethodRunnable.call(InvokeMethodRunnable.java:11)
at java.base/java.util.concurrent.FutureTask.run(FutureTask.java:317)
at java.base/java.util.concurrent.ThreadPoolExecutor.runWorker(ThreadPoolExecutor.java:1144)
at java.base/java.util.concurrent.ThreadPoolExecutor$Worker.run(ThreadPoolExecutor.java:642)
at java.base/java.lang.Thread.run(Thread.java:1583)
]]>
            </full-stacktrace>
          </exception> <!-- java.lang.AssertionError -->
          <reporter-output>
          </reporter-output>
        </test-method> <!-- verifyFundTransfer -->
        <test-method is-config="true" signature="logoutFromApplication()[pri:0, instance:testng.framework.concepts.AppCommons@4b2bac3f]" started-at="2025-11-25T21:09:39 IST" name="logoutFromApplication" finished-at="2025-11-25T21:09:39 IST" duration-ms="0" status="PASS">
          <reporter-output>
          </reporter-output>
        </test-method> <!-- logoutFromApplication -->
        <test-method is-config="true" signature="closeBrowser()[pri:0, instance:testng.framework.concepts.AppCommons@4b2bac3f]" started-at="2025-11-25T21:09:39 IST" name="closeBrowser" finished-at="2025-11-25T21:09:39 IST" depends-on-methods="closeApplication" duration-ms="1" status="PASS">
          <reporter-output>
          </reporter-output>
        </test-method> <!-- closeBrowser -->
        <test-method is-config="true" signature="closeApplication()[pri:0, instance:testng.framework.concepts.AppCommons@4b2bac3f]" started-at="2025-11-25T21:09:39 IST" name="closeApplication" finished-at="2025-11-25T21:09:39 IST" depends-on-methods="testng.framework.concepts.AppCommons.logoutFromApplication" duration-ms="0" status="PASS">
          <reporter-output>
          </reporter-output>
        </test-method> <!-- closeApplication -->
        <test-method is-config="true" signature="launchBrowserAndApplication(java.lang.String,java.lang.String)[pri:0, instance:testng.framework.concepts.AppCommons@4b2bac3f]" started-at="2025-11-25T21:09:39 IST" name="launchBrowserAndApplication" finished-at="2025-11-25T21:09:39 IST" duration-ms="1" status="PASS">
          <params>
            <param index="0">
              <value>
                <![CDATA[Chrome]]>
              </value>
            </param>
            <param index="1">
              <value>
                <![CDATA[www.icici.com]]>
              </value>
            </param>
          </params>
          <reporter-output>
          </reporter-output>
        </test-method> <!-- launchBrowserAndApplication -->
        <test-method is-config="true" signature="login(java.lang.String,java.lang.String)[pri:0, instance:testng.framework.concepts.AppCommons@4b2bac3f]" started-at="2025-11-25T21:09:39 IST" name="login" finished-at="2025-11-25T21:09:39 IST" depends-on-methods="testng.framework.concepts.WebCommons.launchBrowserAndApplication" duration-ms="1" status="PASS">
          <params>
            <param index="0">
              <value>
                <![CDATA[Bharath]]>
              </value>
            </param>
            <param index="1">
              <value>
                <![CDATA[Bharath123]]>
              </value>
            </param>
          </params>
          <reporter-output>
          </reporter-output>
        </test-method> <!-- login -->
        <test-method signature="verifyFundTransfer()[pri:2, instance:testng.framework.concepts.AppCommons@4b2bac3f]" started-at="2025-11-25T21:09:39 IST" name="verifyFundTransfer" finished-at="2025-11-25T21:09:39 IST" duration-ms="3" status="FAIL">
          <exception class="java.lang.AssertionError">
            <message>
              <![CDATA[Intentional Failure to test RetryAnalyzer behavior]]>
            </message>
            <full-stacktrace>
              <![CDATA[java.lang.AssertionError: Intentional Failure to test RetryAnalyzer behavior
at org.testng.Assert.fail(Assert.java:111)
at testng.framework.concepts.AppCommons.verifyFundTransfer(AppCommons.java:36)
at java.base/jdk.internal.reflect.DirectMethodHandleAccessor.invoke(DirectMethodHandleAccessor.java:103)
at java.base/java.lang.reflect.Method.invoke(Method.java:580)
at org.testng.internal.invokers.MethodInvocationHelper.invokeMethod(MethodInvocationHelper.java:141)
at org.testng.internal.invokers.InvokeMethodRunnable.runOne(InvokeMethodRunnable.java:47)
at org.testng.internal.invokers.InvokeMethodRunnable.call(InvokeMethodRunnable.java:76)
at org.testng.internal.invokers.InvokeMethodRunnable.call(InvokeMethodRunnable.java:11)
at java.base/java.util.concurrent.FutureTask.run(FutureTask.java:317)
at java.base/java.util.concurrent.ThreadPoolExecutor.runWorker(ThreadPoolExecutor.java:1144)
at java.base/java.util.concurrent.ThreadPoolExecutor$Worker.run(ThreadPoolExecutor.java:642)
at java.base/java.lang.Thread.run(Thread.java:1583)
]]>
            </full-stacktrace>
          </exception> <!-- java.lang.AssertionError -->
          <reporter-output>
          </reporter-output>
        </test-method> <!-- verifyFundTransfer -->
        <test-method is-config="true" signature="verifyApplicationHomePage()[pri:0, instance:testng.framework.concepts.AppCommons@4b2bac3f]" started-at="2025-11-25T21:09:39 IST" name="verifyApplicationHomePage" finished-at="2025-11-25T21:09:39 IST" depends-on-methods="testng.framework.concepts.WebCommons.launchBrowserAndApplication, testng.framework.concepts.AppCommons.login" duration-ms="0" status="PASS">
          <reporter-output>
          </reporter-output>
        </test-method> <!-- verifyApplicationHomePage -->
        <test-method is-config="true" signature="closeApplication()[pri:0, instance:testng.framework.concepts.AppCommons@4b2bac3f]" started-at="2025-11-25T21:09:39 IST" name="closeApplication" finished-at="2025-11-25T21:09:39 IST" depends-on-methods="testng.framework.concepts.AppCommons.logoutFromApplication" duration-ms="1" status="PASS">
          <reporter-output>
          </reporter-output>
        </test-method> <!-- closeApplication -->
        <test-method is-config="true" signature="logoutFromApplication()[pri:0, instance:testng.framework.concepts.AppCommons@4b2bac3f]" started-at="2025-11-25T21:09:39 IST" name="logoutFromApplication" finished-at="2025-11-25T21:09:39 IST" duration-ms="0" status="PASS">
          <reporter-output>
          </reporter-output>
        </test-method> <!-- logoutFromApplication -->
        <test-method is-config="true" signature="closeBrowser()[pri:0, instance:testng.framework.concepts.AppCommons@4b2bac3f]" started-at="2025-11-25T21:09:39 IST" name="closeBrowser" finished-at="2025-11-25T21:09:39 IST" depends-on-methods="closeApplication" duration-ms="2" status="PASS">
          <reporter-output>
          </reporter-output>
        </test-method> <!-- closeBrowser -->
        <test-method is-config="true" signature="launchBrowserAndApplication(java.lang.String,java.lang.String)[pri:0, instance:testng.framework.concepts.AppCommons@4b2bac3f]" started-at="2025-11-25T21:09:39 IST" name="launchBrowserAndApplication" finished-at="2025-11-25T21:09:39 IST" duration-ms="1" status="PASS">
          <params>
            <param index="0">
              <value>
                <![CDATA[Chrome]]>
              </value>
            </param>
            <param index="1">
              <value>
                <![CDATA[www.icici.com]]>
              </value>
            </param>
          </params>
          <reporter-output>
          </reporter-output>
        </test-method> <!-- launchBrowserAndApplication -->
        <test-method is-config="true" signature="login(java.lang.String,java.lang.String)[pri:0, instance:testng.framework.concepts.AppCommons@4b2bac3f]" started-at="2025-11-25T21:09:39 IST" name="login" finished-at="2025-11-25T21:09:39 IST" depends-on-methods="testng.framework.concepts.WebCommons.launchBrowserAndApplication" duration-ms="1" status="PASS">
          <params>
            <param index="0">
              <value>
                <![CDATA[Bharath]]>
              </value>
            </param>
            <param index="1">
              <value>
                <![CDATA[Bharath123]]>
              </value>
            </param>
          </params>
          <reporter-output>
          </reporter-output>
        </test-method> <!-- login -->
        <test-method is-config="true" signature="verifyApplicationHomePage()[pri:0, instance:testng.framework.concepts.AppCommons@4b2bac3f]" started-at="2025-11-25T21:09:39 IST" name="verifyApplicationHomePage" finished-at="2025-11-25T21:09:39 IST" depends-on-methods="testng.framework.concepts.WebCommons.launchBrowserAndApplication, testng.framework.concepts.AppCommons.login" duration-ms="1" status="PASS">
          <reporter-output>
          </reporter-output>
        </test-method> <!-- verifyApplicationHomePage -->
        <test-method signature="calculateEMI(double,double,double)[pri:3, instance:testng.framework.concepts.AppCommons@4b2bac3f]" started-at="2025-11-25T21:09:39 IST" name="calculateEMI" data-provider="emiData" finished-at="2025-11-25T21:09:39 IST" duration-ms="48" status="PASS">
          <params>
            <param index="0">
              <value>
                <![CDATA[500000]]>
              </value>
            </param>
            <param index="1">
              <value>
                <![CDATA[7.5]]>
              </value>
            </param>
            <param index="2">
              <value>
                <![CDATA[15]]>
              </value>
            </param>
          </params>
          <reporter-output>
          </reporter-output>
        </test-method> <!-- calculateEMI -->
        <test-method is-config="true" signature="logoutFromApplication()[pri:0, instance:testng.framework.concepts.AppCommons@4b2bac3f]" started-at="2025-11-25T21:09:39 IST" name="logoutFromApplication" finished-at="2025-11-25T21:09:39 IST" duration-ms="1" status="PASS">
          <reporter-output>
          </reporter-output>
        </test-method> <!-- logoutFromApplication -->
        <test-method is-config="true" signature="closeApplication()[pri:0, instance:testng.framework.concepts.AppCommons@4b2bac3f]" started-at="2025-11-25T21:09:39 IST" name="closeApplication" finished-at="2025-11-25T21:09:39 IST" depends-on-methods="testng.framework.concepts.AppCommons.logoutFromApplication" duration-ms="1" status="PASS">
          <reporter-output>
          </reporter-output>
        </test-method> <!-- closeApplication -->
        <test-method is-config="true" signature="closeBrowser()[pri:0, instance:testng.framework.concepts.AppCommons@4b2bac3f]" started-at="2025-11-25T21:09:39 IST" name="closeBrowser" finished-at="2025-11-25T21:09:39 IST" depends-on-methods="closeApplication" duration-ms="0" status="PASS">
          <reporter-output>
          </reporter-output>
        </test-method> <!-- closeBrowser -->
        <test-method is-config="true" signature="launchBrowserAndApplication(java.lang.String,java.lang.String)[pri:0, instance:testng.framework.concepts.AppCommons@4b2bac3f]" started-at="2025-11-25T21:09:39 IST" name="launchBrowserAndApplication" finished-at="2025-11-25T21:09:39 IST" duration-ms="1" status="PASS">
          <params>
            <param index="0">
              <value>
                <![CDATA[Chrome]]>
              </value>
            </param>
            <param index="1">
              <value>
                <![CDATA[www.icici.com]]>
              </value>
            </param>
          </params>
          <reporter-output>
          </reporter-output>
        </test-method> <!-- launchBrowserAndApplication -->
        <test-method is-config="true" signature="login(java.lang.String,java.lang.String)[pri:0, instance:testng.framework.concepts.AppCommons@4b2bac3f]" started-at="2025-11-25T21:09:39 IST" name="login" finished-at="2025-11-25T21:09:39 IST" depends-on-methods="testng.framework.concepts.WebCommons.launchBrowserAndApplication" duration-ms="1" status="PASS">
          <params>
            <param index="0">
              <value>
                <![CDATA[Bharath]]>
              </value>
            </param>
            <param index="1">
              <value>
                <![CDATA[Bharath123]]>
              </value>
            </param>
          </params>
          <reporter-output>
          </reporter-output>
        </test-method> <!-- login -->
        <test-method signature="calculateEMI(double,double,double)[pri:3, instance:testng.framework.concepts.AppCommons@4b2bac3f]" started-at="2025-11-25T21:09:39 IST" name="calculateEMI" data-provider="emiData" finished-at="2025-11-25T21:09:39 IST" duration-ms="3" status="PASS">
          <params>
            <param index="0">
              <value>
                <![CDATA[750000]]>
              </value>
            </param>
            <param index="1">
              <value>
                <![CDATA[8.0]]>
              </value>
            </param>
            <param index="2">
              <value>
                <![CDATA[20]]>
              </value>
            </param>
          </params>
          <reporter-output>
          </reporter-output>
        </test-method> <!-- calculateEMI -->
        <test-method is-config="true" signature="verifyApplicationHomePage()[pri:0, instance:testng.framework.concepts.AppCommons@4b2bac3f]" started-at="2025-11-25T21:09:39 IST" name="verifyApplicationHomePage" finished-at="2025-11-25T21:09:39 IST" depends-on-methods="testng.framework.concepts.WebCommons.launchBrowserAndApplication, testng.framework.concepts.AppCommons.login" duration-ms="0" status="PASS">
          <reporter-output>
          </reporter-output>
        </test-method> <!-- verifyApplicationHomePage -->
        <test-method is-config="true" signature="logoutFromApplication()[pri:0, instance:testng.framework.concepts.AppCommons@4b2bac3f]" started-at="2025-11-25T21:09:39 IST" name="logoutFromApplication" finished-at="2025-11-25T21:09:39 IST" duration-ms="0" status="PASS">
          <reporter-output>
          </reporter-output>
        </test-method> <!-- logoutFromApplication -->
        <test-method is-config="true" signature="closeApplication()[pri:0, instance:testng.framework.concepts.AppCommons@4b2bac3f]" started-at="2025-11-25T21:09:39 IST" name="closeApplication" finished-at="2025-11-25T21:09:39 IST" depends-on-methods="testng.framework.concepts.AppCommons.logoutFromApplication" duration-ms="0" status="PASS">
          <reporter-output>
          </reporter-output>
        </test-method> <!-- closeApplication -->
        <test-method is-config="true" signature="closeBrowser()[pri:0, instance:testng.framework.concepts.AppCommons@4b2bac3f]" started-at="2025-11-25T21:09:39 IST" name="closeBrowser" finished-at="2025-11-25T21:09:39 IST" depends-on-methods="closeApplication" duration-ms="0" status="PASS">
          <reporter-output>
          </reporter-output>
        </test-method> <!-- closeBrowser -->
        <test-method is-config="true" signature="launchBrowserAndApplication(java.lang.String,java.lang.String)[pri:0, instance:testng.framework.concepts.AppCommons@4b2bac3f]" started-at="2025-11-25T21:09:39 IST" name="launchBrowserAndApplication" finished-at="2025-11-25T21:09:39 IST" duration-ms="1" status="PASS">
          <params>
            <param index="0">
              <value>
                <![CDATA[Chrome]]>
              </value>
            </param>
            <param index="1">
              <value>
                <![CDATA[www.icici.com]]>
              </value>
            </param>
          </params>
          <reporter-output>
          </reporter-output>
        </test-method> <!-- launchBrowserAndApplication -->
        <test-method is-config="true" signature="login(java.lang.String,java.lang.String)[pri:0, instance:testng.framework.concepts.AppCommons@4b2bac3f]" started-at="2025-11-25T21:09:39 IST" name="login" finished-at="2025-11-25T21:09:39 IST" depends-on-methods="testng.framework.concepts.WebCommons.launchBrowserAndApplication" duration-ms="1" status="PASS">
          <params>
            <param index="0">
              <value>
                <![CDATA[Bharath]]>
              </value>
            </param>
            <param index="1">
              <value>
                <![CDATA[Bharath123]]>
              </value>
            </param>
          </params>
          <reporter-output>
          </reporter-output>
        </test-method> <!-- login -->
        <test-method is-config="true" signature="verifyApplicationHomePage()[pri:0, instance:testng.framework.concepts.AppCommons@4b2bac3f]" started-at="2025-11-25T21:09:39 IST" name="verifyApplicationHomePage" finished-at="2025-11-25T21:09:39 IST" depends-on-methods="testng.framework.concepts.WebCommons.launchBrowserAndApplication, testng.framework.concepts.AppCommons.login" duration-ms="1" status="PASS">
          <reporter-output>
          </reporter-output>
        </test-method> <!-- verifyApplicationHomePage -->
        <test-method signature="calculateEMI(double,double,double)[pri:3, instance:testng.framework.concepts.AppCommons@4b2bac3f]" started-at="2025-11-25T21:09:39 IST" name="calculateEMI" data-provider="emiData" finished-at="2025-11-25T21:09:39 IST" duration-ms="2" status="PASS">
          <params>
            <param index="0">
              <value>
                <![CDATA[1000000]]>
              </value>
            </param>
            <param index="1">
              <value>
                <![CDATA[6.5]]>
              </value>
            </param>
            <param index="2">
              <value>
                <![CDATA[10]]>
              </value>
            </param>
          </params>
          <reporter-output>
          </reporter-output>
        </test-method> <!-- calculateEMI -->
        <test-method is-config="true" signature="logoutFromApplication()[pri:0, instance:testng.framework.concepts.AppCommons@4b2bac3f]" started-at="2025-11-25T21:09:39 IST" name="logoutFromApplication" finished-at="2025-11-25T21:09:39 IST" duration-ms="1" status="PASS">
          <reporter-output>
          </reporter-output>
        </test-method> <!-- logoutFromApplication -->
        <test-method is-config="true" signature="closeApplication()[pri:0, instance:testng.framework.concepts.AppCommons@4b2bac3f]" started-at="2025-11-25T21:09:39 IST" name="closeApplication" finished-at="2025-11-25T21:09:39 IST" depends-on-methods="testng.framework.concepts.AppCommons.logoutFromApplication" duration-ms="1" status="PASS">
          <reporter-output>
          </reporter-output>
        </test-method> <!-- closeApplication -->
        <test-method is-config="true" signature="closeBrowser()[pri:0, instance:testng.framework.concepts.AppCommons@4b2bac3f]" started-at="2025-11-25T21:09:39 IST" name="closeBrowser" finished-at="2025-11-25T21:09:39 IST" depends-on-methods="closeApplication" duration-ms="1" status="PASS">
          <reporter-output>
          </reporter-output>
        </test-method> <!-- closeBrowser -->
        <test-method is-config="true" signature="stopReporting()[pri:0, instance:testng.framework.concepts.AppCommons@4b2bac3f]" started-at="2025-11-25T21:09:39 IST" name="stopReporting" finished-at="2025-11-25T21:09:39 IST" duration-ms="1" status="PASS">
          <reporter-output>
          </reporter-output>
        </test-method> <!-- stopReporting -->
      </class> <!-- testng.framework.concepts.AppCommons -->
    </test> <!-- Test -->
  </suite> <!-- Suite -->
</testng-results>
